Analysis & Synthesis report for Process1
Thu Mar 22 14:16:18 2018
Quartus Prime Version 17.0.0 Build 595 04/25/2017 SJ Lite Edition


---------------------
; Table of Contents ;
---------------------
  1. Legal Notice
  2. Analysis & Synthesis Summary
  3. Analysis & Synthesis Settings
  4. Parallel Compilation
  5. Analysis & Synthesis Source Files Read
  6. Analysis & Synthesis Resource Usage Summary
  7. Analysis & Synthesis Resource Utilization by Entity
  8. Analysis & Synthesis DSP Block Usage Summary
  9. User-Specified and Inferred Latches
 10. General Register Statistics
 11. Multiplexer Restructuring Statistics (Restructuring Performed)
 12. Post-Synthesis Netlist Statistics for Top Partition
 13. Elapsed Time Per Partition
 14. Analysis & Synthesis Messages
 15. Analysis & Synthesis Suppressed Messages



----------------
; Legal Notice ;
----------------
Copyright (C) 2017  Intel Corporation. All rights reserved.
Your use of Intel Corporation's design tools, logic functions 
and other software and tools, and its AMPP partner logic 
functions, and any output files from any of the foregoing 
(including device programming or simulation files), and any 
associated documentation or information are expressly subject 
to the terms and conditions of the Intel Program License 
Subscription Agreement, the Intel Quartus Prime License Agreement,
the Intel MegaCore Function License Agreement, or other 
applicable license agreement, including, without limitation, 
that your use is for the sole purpose of programming logic 
devices manufactured by Intel and sold by Intel or its 
authorized distributors.  Please refer to the applicable 
agreement for further details.



+-------------------------------------------------------------------------------+
; Analysis & Synthesis Summary                                                  ;
+---------------------------------+---------------------------------------------+
; Analysis & Synthesis Status     ; Successful - Thu Mar 22 14:16:18 2018       ;
; Quartus Prime Version           ; 17.0.0 Build 595 04/25/2017 SJ Lite Edition ;
; Revision Name                   ; Process1                                    ;
; Top-level Entity Name           ; Tester                                      ;
; Family                          ; Cyclone V                                   ;
; Logic utilization (in ALMs)     ; N/A                                         ;
; Total registers                 ; 0                                           ;
; Total pins                      ; 103                                         ;
; Total virtual pins              ; 0                                           ;
; Total block memory bits         ; 0                                           ;
; Total DSP Blocks                ; 4                                           ;
; Total HSSI RX PCSs              ; 0                                           ;
; Total HSSI PMA RX Deserializers ; 0                                           ;
; Total HSSI TX PCSs              ; 0                                           ;
; Total HSSI PMA TX Serializers   ; 0                                           ;
; Total PLLs                      ; 0                                           ;
; Total DLLs                      ; 0                                           ;
+---------------------------------+---------------------------------------------+


+---------------------------------------------------------------------------------------------------------------------------+
; Analysis & Synthesis Settings                                                                                             ;
+---------------------------------------------------------------------------------+--------------------+--------------------+
; Option                                                                          ; Setting            ; Default Value      ;
+---------------------------------------------------------------------------------+--------------------+--------------------+
; Device                                                                          ; 5CSEMA5F31C6       ;                    ;
; Top-level entity name                                                           ; Tester             ; Process1           ;
; Family name                                                                     ; Cyclone V          ; Cyclone V          ;
; Use smart compilation                                                           ; Off                ; Off                ;
; Enable parallel Assembler and TimeQuest Timing Analyzer during compilation      ; On                 ; On                 ;
; Enable compact report table                                                     ; Off                ; Off                ;
; Restructure Multiplexers                                                        ; Auto               ; Auto               ;
; MLAB Add Timing Constraints For Mixed-Port Feed-Through Mode Setting Don't Care ; Off                ; Off                ;
; Create Debugging Nodes for IP Cores                                             ; Off                ; Off                ;
; Preserve fewer node names                                                       ; On                 ; On                 ;
; OpenCore Plus hardware evaluation                                               ; Enable             ; Enable             ;
; Verilog Version                                                                 ; Verilog_2001       ; Verilog_2001       ;
; VHDL Version                                                                    ; VHDL_1993          ; VHDL_1993          ;
; State Machine Processing                                                        ; Auto               ; Auto               ;
; Safe State Machine                                                              ; Off                ; Off                ;
; Extract Verilog State Machines                                                  ; On                 ; On                 ;
; Extract VHDL State Machines                                                     ; On                 ; On                 ;
; Ignore Verilog initial constructs                                               ; Off                ; Off                ;
; Iteration limit for constant Verilog loops                                      ; 5000               ; 5000               ;
; Iteration limit for non-constant Verilog loops                                  ; 250                ; 250                ;
; Add Pass-Through Logic to Inferred RAMs                                         ; On                 ; On                 ;
; Infer RAMs from Raw Logic                                                       ; On                 ; On                 ;
; Parallel Synthesis                                                              ; On                 ; On                 ;
; DSP Block Balancing                                                             ; Auto               ; Auto               ;
; NOT Gate Push-Back                                                              ; On                 ; On                 ;
; Power-Up Don't Care                                                             ; On                 ; On                 ;
; Remove Redundant Logic Cells                                                    ; Off                ; Off                ;
; Remove Duplicate Registers                                                      ; On                 ; On                 ;
; Ignore CARRY Buffers                                                            ; Off                ; Off                ;
; Ignore CASCADE Buffers                                                          ; Off                ; Off                ;
; Ignore GLOBAL Buffers                                                           ; Off                ; Off                ;
; Ignore ROW GLOBAL Buffers                                                       ; Off                ; Off                ;
; Ignore LCELL Buffers                                                            ; Off                ; Off                ;
; Ignore SOFT Buffers                                                             ; On                 ; On                 ;
; Limit AHDL Integers to 32 Bits                                                  ; Off                ; Off                ;
; Optimization Technique                                                          ; Balanced           ; Balanced           ;
; Carry Chain Length                                                              ; 70                 ; 70                 ;
; Auto Carry Chains                                                               ; On                 ; On                 ;
; Auto Open-Drain Pins                                                            ; On                 ; On                 ;
; Perform WYSIWYG Primitive Resynthesis                                           ; Off                ; Off                ;
; Auto ROM Replacement                                                            ; On                 ; On                 ;
; Auto RAM Replacement                                                            ; On                 ; On                 ;
; Auto DSP Block Replacement                                                      ; On                 ; On                 ;
; Auto Shift Register Replacement                                                 ; Auto               ; Auto               ;
; Allow Shift Register Merging across Hierarchies                                 ; Auto               ; Auto               ;
; Auto Clock Enable Replacement                                                   ; On                 ; On                 ;
; Strict RAM Replacement                                                          ; Off                ; Off                ;
; Allow Synchronous Control Signals                                               ; On                 ; On                 ;
; Force Use of Synchronous Clear Signals                                          ; Off                ; Off                ;
; Auto Resource Sharing                                                           ; Off                ; Off                ;
; Allow Any RAM Size For Recognition                                              ; Off                ; Off                ;
; Allow Any ROM Size For Recognition                                              ; Off                ; Off                ;
; Allow Any Shift Register Size For Recognition                                   ; Off                ; Off                ;
; Use LogicLock Constraints during Resource Balancing                             ; On                 ; On                 ;
; Ignore translate_off and synthesis_off directives                               ; Off                ; Off                ;
; Timing-Driven Synthesis                                                         ; On                 ; On                 ;
; Report Parameter Settings                                                       ; On                 ; On                 ;
; Report Source Assignments                                                       ; On                 ; On                 ;
; Report Connectivity Checks                                                      ; On                 ; On                 ;
; Ignore Maximum Fan-Out Assignments                                              ; Off                ; Off                ;
; Synchronization Register Chain Length                                           ; 3                  ; 3                  ;
; PowerPlay Power Optimization During Synthesis                                   ; Normal compilation ; Normal compilation ;
; HDL message level                                                               ; Level2             ; Level2             ;
; Suppress Register Optimization Related Messages                                 ; Off                ; Off                ;
; Number of Removed Registers Reported in Synthesis Report                        ; 5000               ; 5000               ;
; Number of Swept Nodes Reported in Synthesis Report                              ; 5000               ; 5000               ;
; Number of Inverted Registers Reported in Synthesis Report                       ; 100                ; 100                ;
; Clock MUX Protection                                                            ; On                 ; On                 ;
; Auto Gated Clock Conversion                                                     ; Off                ; Off                ;
; Block Design Naming                                                             ; Auto               ; Auto               ;
; SDC constraint protection                                                       ; Off                ; Off                ;
; Synthesis Effort                                                                ; Auto               ; Auto               ;
; Shift Register Replacement - Allow Asynchronous Clear Signal                    ; On                 ; On                 ;
; Pre-Mapping Resynthesis Optimization                                            ; Off                ; Off                ;
; Analysis & Synthesis Message Level                                              ; Medium             ; Medium             ;
; Disable Register Merging Across Hierarchies                                     ; Auto               ; Auto               ;
; Resource Aware Inference For Block RAM                                          ; On                 ; On                 ;
; Automatic Parallel Synthesis                                                    ; On                 ; On                 ;
; Partial Reconfiguration Bitstream ID                                            ; Off                ; Off                ;
+---------------------------------------------------------------------------------+--------------------+--------------------+


+------------------------------------------+
; Parallel Compilation                     ;
+----------------------------+-------------+
; Processors                 ; Number      ;
+----------------------------+-------------+
; Number detected on machine ; 4           ;
; Maximum allowed            ; 2           ;
;                            ;             ;
; Average used               ; 1.00        ;
; Maximum used               ; 2           ;
;                            ;             ;
; Usage by Processor         ; % Time Used ;
;     Processor 1            ; 100.0%      ;
;     Processor 2            ;   0.0%      ;
+----------------------------+-------------+


+------------------------------------------------------------------------------------------------------------------------------------------------------------------------------------------------+
; Analysis & Synthesis Source Files Read                                                                                                                                                         ;
+----------------------------------+-----------------+------------------------+--------------------------------------------------------------------------------------------------------+---------+
; File Name with User-Entered Path ; Used in Netlist ; File Type              ; File Name with Absolute Path                                                                           ; Library ;
+----------------------------------+-----------------+------------------------+--------------------------------------------------------------------------------------------------------+---------+
; Tester.v                         ; yes             ; User Verilog HDL File  ; /home/jairo-mm26/Documents/Jairo/Documents/Arqui1/Proyecto1_Arqui_I/Procesador32bits/Tester.v          ;         ;
; alu_8b.v                         ; yes             ; User Verilog HDL File  ; /home/jairo-mm26/Documents/Jairo/Documents/Arqui1/Proyecto1_Arqui_I/Procesador32bits/alu_8b.v          ;         ;
; vectorial_units.v                ; yes             ; User Verilog HDL File  ; /home/jairo-mm26/Documents/Jairo/Documents/Arqui1/Proyecto1_Arqui_I/Procesador32bits/vectorial_units.v ;         ;
+----------------------------------+-----------------+------------------------+--------------------------------------------------------------------------------------------------------+---------+


+-------------------------------------------------------------------------------------+
; Analysis & Synthesis Resource Usage Summary                                         ;
+---------------------------------------------+---------------------------------------+
; Resource                                    ; Usage                                 ;
+---------------------------------------------+---------------------------------------+
; Estimate of Logic utilization (ALMs needed) ; 208                                   ;
;                                             ;                                       ;
; Combinational ALUT usage for logic          ; 292                                   ;
;     -- 7 input functions                    ; 0                                     ;
;     -- 6 input functions                    ; 124                                   ;
;     -- 5 input functions                    ; 28                                    ;
;     -- 4 input functions                    ; 32                                    ;
;     -- <=3 input functions                  ; 108                                   ;
;                                             ;                                       ;
; Dedicated logic registers                   ; 0                                     ;
;                                             ;                                       ;
; I/O pins                                    ; 103                                   ;
;                                             ;                                       ;
; Total DSP Blocks                            ; 4                                     ;
;                                             ;                                       ;
; Maximum fan-out node                        ; vect_unit:vect|alu_8:alu_8b4|Equal0~5 ;
; Maximum fan-out                             ; 36                                    ;
; Total fan-out                               ; 1555                                  ;
; Average fan-out                             ; 3.10                                  ;
+---------------------------------------------+---------------------------------------+


+---------------------------------------------------------------------------------------------------------------------------------------------------------------------------------------------------------+
; Analysis & Synthesis Resource Utilization by Entity                                                                                                                                                     ;
+----------------------------+---------------------+---------------------------+-------------------+------------+------+--------------+--------------------------------------+-------------+--------------+
; Compilation Hierarchy Node ; Combinational ALUTs ; Dedicated Logic Registers ; Block Memory Bits ; DSP Blocks ; Pins ; Virtual Pins ; Full Hierarchy Name                  ; Entity Name ; Library Name ;
+----------------------------+---------------------+---------------------------+-------------------+------------+------+--------------+--------------------------------------+-------------+--------------+
; |Tester                    ; 292 (0)             ; 0 (0)                     ; 0                 ; 4          ; 103  ; 0            ; |Tester                              ; Tester      ; work         ;
;    |vect_unit:vect|        ; 292 (0)             ; 0 (0)                     ; 0                 ; 4          ; 0    ; 0            ; |Tester|vect_unit:vect               ; vect_unit   ; work         ;
;       |alu_8:alu_8b1|      ; 70 (70)             ; 0 (0)                     ; 0                 ; 1          ; 0    ; 0            ; |Tester|vect_unit:vect|alu_8:alu_8b1 ; alu_8       ; work         ;
;       |alu_8:alu_8b2|      ; 70 (70)             ; 0 (0)                     ; 0                 ; 1          ; 0    ; 0            ; |Tester|vect_unit:vect|alu_8:alu_8b2 ; alu_8       ; work         ;
;       |alu_8:alu_8b3|      ; 70 (70)             ; 0 (0)                     ; 0                 ; 1          ; 0    ; 0            ; |Tester|vect_unit:vect|alu_8:alu_8b3 ; alu_8       ; work         ;
;       |alu_8:alu_8b4|      ; 82 (82)             ; 0 (0)                     ; 0                 ; 1          ; 0    ; 0            ; |Tester|vect_unit:vect|alu_8:alu_8b4 ; alu_8       ; work         ;
+----------------------------+---------------------+---------------------------+-------------------+------------+------+--------------+--------------------------------------+-------------+--------------+
Note: For table entries with two numbers listed, the numbers in parentheses indicate the number of resources of the given type used by the specific entity alone. The numbers listed outside of parentheses indicate the total resources of the given type used by the specific entity and all of its sub-entities in the hierarchy.


+-----------------------------------------------+
; Analysis & Synthesis DSP Block Usage Summary  ;
+---------------------------------+-------------+
; Statistic                       ; Number Used ;
+---------------------------------+-------------+
; Independent 9x9                 ; 4           ;
; Total number of DSP blocks      ; 4           ;
;                                 ;             ;
; Fixed Point Unsigned Multiplier ; 4           ;
+---------------------------------+-------------+


+-----------------------------------------------------------------------------------------------------------------------+
; User-Specified and Inferred Latches                                                                                   ;
+-----------------------------------------------------+----------------------------------------+------------------------+
; Latch Name                                          ; Latch Enable Signal                    ; Free of Timing Hazards ;
+-----------------------------------------------------+----------------------------------------+------------------------+
; vect_unit:vect|alu_8:alu_8b4|Result[0]              ; vect_unit:vect|alu_8:alu_8b4|Result[7] ; yes                    ;
; vect_unit:vect|alu_8:alu_8b4|Result[1]              ; vect_unit:vect|alu_8:alu_8b4|Result[7] ; yes                    ;
; vect_unit:vect|alu_8:alu_8b4|Result[2]              ; vect_unit:vect|alu_8:alu_8b4|Result[7] ; yes                    ;
; vect_unit:vect|alu_8:alu_8b4|Result[3]              ; vect_unit:vect|alu_8:alu_8b4|Result[7] ; yes                    ;
; vect_unit:vect|alu_8:alu_8b4|Result[4]              ; vect_unit:vect|alu_8:alu_8b4|Result[7] ; yes                    ;
; vect_unit:vect|alu_8:alu_8b4|Result[5]              ; vect_unit:vect|alu_8:alu_8b4|Result[7] ; yes                    ;
; vect_unit:vect|alu_8:alu_8b4|Result[6]              ; vect_unit:vect|alu_8:alu_8b4|Result[7] ; yes                    ;
; vect_unit:vect|alu_8:alu_8b4|Result[7]              ; vect_unit:vect|alu_8:alu_8b4|Result[7] ; yes                    ;
; vect_unit:vect|alu_8:alu_8b3|Result[0]              ; vect_unit:vect|alu_8:alu_8b4|Result[7] ; yes                    ;
; vect_unit:vect|alu_8:alu_8b3|Result[1]              ; vect_unit:vect|alu_8:alu_8b4|Result[7] ; yes                    ;
; vect_unit:vect|alu_8:alu_8b3|Result[2]              ; vect_unit:vect|alu_8:alu_8b4|Result[7] ; yes                    ;
; vect_unit:vect|alu_8:alu_8b3|Result[3]              ; vect_unit:vect|alu_8:alu_8b4|Result[7] ; yes                    ;
; vect_unit:vect|alu_8:alu_8b3|Result[4]              ; vect_unit:vect|alu_8:alu_8b4|Result[7] ; yes                    ;
; vect_unit:vect|alu_8:alu_8b3|Result[5]              ; vect_unit:vect|alu_8:alu_8b4|Result[7] ; yes                    ;
; vect_unit:vect|alu_8:alu_8b3|Result[6]              ; vect_unit:vect|alu_8:alu_8b4|Result[7] ; yes                    ;
; vect_unit:vect|alu_8:alu_8b3|Result[7]              ; vect_unit:vect|alu_8:alu_8b4|Result[7] ; yes                    ;
; vect_unit:vect|alu_8:alu_8b2|Result[0]              ; vect_unit:vect|alu_8:alu_8b4|Result[7] ; yes                    ;
; vect_unit:vect|alu_8:alu_8b2|Result[1]              ; vect_unit:vect|alu_8:alu_8b4|Result[7] ; yes                    ;
; vect_unit:vect|alu_8:alu_8b2|Result[2]              ; vect_unit:vect|alu_8:alu_8b4|Result[7] ; yes                    ;
; vect_unit:vect|alu_8:alu_8b2|Result[3]              ; vect_unit:vect|alu_8:alu_8b4|Result[7] ; yes                    ;
; vect_unit:vect|alu_8:alu_8b2|Result[4]              ; vect_unit:vect|alu_8:alu_8b4|Result[7] ; yes                    ;
; vect_unit:vect|alu_8:alu_8b2|Result[5]              ; vect_unit:vect|alu_8:alu_8b4|Result[7] ; yes                    ;
; vect_unit:vect|alu_8:alu_8b2|Result[6]              ; vect_unit:vect|alu_8:alu_8b4|Result[7] ; yes                    ;
; vect_unit:vect|alu_8:alu_8b2|Result[7]              ; vect_unit:vect|alu_8:alu_8b4|Result[7] ; yes                    ;
; vect_unit:vect|alu_8:alu_8b1|Result[0]              ; vect_unit:vect|alu_8:alu_8b4|Result[7] ; yes                    ;
; vect_unit:vect|alu_8:alu_8b1|Result[1]              ; vect_unit:vect|alu_8:alu_8b4|Result[7] ; yes                    ;
; vect_unit:vect|alu_8:alu_8b1|Result[2]              ; vect_unit:vect|alu_8:alu_8b4|Result[7] ; yes                    ;
; vect_unit:vect|alu_8:alu_8b1|Result[3]              ; vect_unit:vect|alu_8:alu_8b4|Result[7] ; yes                    ;
; vect_unit:vect|alu_8:alu_8b1|Result[4]              ; vect_unit:vect|alu_8:alu_8b4|Result[7] ; yes                    ;
; vect_unit:vect|alu_8:alu_8b1|Result[5]              ; vect_unit:vect|alu_8:alu_8b4|Result[7] ; yes                    ;
; vect_unit:vect|alu_8:alu_8b1|Result[6]              ; vect_unit:vect|alu_8:alu_8b4|Result[7] ; yes                    ;
; vect_unit:vect|alu_8:alu_8b1|Result[7]              ; vect_unit:vect|alu_8:alu_8b4|Result[7] ; yes                    ;
; Number of user-specified and inferred latches = 32  ;                                        ;                        ;
+-----------------------------------------------------+----------------------------------------+------------------------+
Note: All latches listed above may not be present at the end of synthesis due to various synthesis optimizations.


+------------------------------------------------------+
; General Register Statistics                          ;
+----------------------------------------------+-------+
; Statistic                                    ; Value ;
+----------------------------------------------+-------+
; Total registers                              ; 0     ;
; Number of registers using Synchronous Clear  ; 0     ;
; Number of registers using Synchronous Load   ; 0     ;
; Number of registers using Asynchronous Clear ; 0     ;
; Number of registers using Asynchronous Load  ; 0     ;
; Number of registers using Clock Enable       ; 0     ;
; Number of registers using Preset             ; 0     ;
+----------------------------------------------+-------+


+----------------------------------------------------------------------------------------------------------------------------------------------------------------+
; Multiplexer Restructuring Statistics (Restructuring Performed)                                                                                                 ;
+--------------------+-----------+---------------+----------------------+------------------------+------------+--------------------------------------------------+
; Multiplexer Inputs ; Bus Width ; Baseline Area ; Area if Restructured ; Saving if Restructured ; Registered ; Example Multiplexer Output                       ;
+--------------------+-----------+---------------+----------------------+------------------------+------------+--------------------------------------------------+
; 4:1                ; 2 bits    ; 4 LEs         ; 4 LEs                ; 0 LEs                  ; No         ; |Tester|vect_unit:vect|alu_8:alu_8b4|ShiftLeft0  ;
; 4:1                ; 2 bits    ; 4 LEs         ; 4 LEs                ; 0 LEs                  ; No         ; |Tester|vect_unit:vect|alu_8:alu_8b4|ShiftRight0 ;
; 4:1                ; 2 bits    ; 4 LEs         ; 4 LEs                ; 0 LEs                  ; No         ; |Tester|vect_unit:vect|alu_8:alu_8b4|ShiftRight0 ;
; 4:1                ; 2 bits    ; 4 LEs         ; 4 LEs                ; 0 LEs                  ; No         ; |Tester|vect_unit:vect|alu_8:alu_8b3|ShiftRight0 ;
; 4:1                ; 2 bits    ; 4 LEs         ; 4 LEs                ; 0 LEs                  ; No         ; |Tester|vect_unit:vect|alu_8:alu_8b3|ShiftLeft0  ;
; 4:1                ; 2 bits    ; 4 LEs         ; 4 LEs                ; 0 LEs                  ; No         ; |Tester|vect_unit:vect|alu_8:alu_8b3|ShiftLeft0  ;
; 4:1                ; 2 bits    ; 4 LEs         ; 4 LEs                ; 0 LEs                  ; No         ; |Tester|vect_unit:vect|alu_8:alu_8b2|ShiftRight0 ;
; 4:1                ; 2 bits    ; 4 LEs         ; 4 LEs                ; 0 LEs                  ; No         ; |Tester|vect_unit:vect|alu_8:alu_8b2|ShiftRight0 ;
; 4:1                ; 2 bits    ; 4 LEs         ; 4 LEs                ; 0 LEs                  ; No         ; |Tester|vect_unit:vect|alu_8:alu_8b2|ShiftRight0 ;
; 4:1                ; 2 bits    ; 4 LEs         ; 4 LEs                ; 0 LEs                  ; No         ; |Tester|vect_unit:vect|alu_8:alu_8b1|ShiftLeft0  ;
; 4:1                ; 2 bits    ; 4 LEs         ; 4 LEs                ; 0 LEs                  ; No         ; |Tester|vect_unit:vect|alu_8:alu_8b1|ShiftRight0 ;
; 4:1                ; 2 bits    ; 4 LEs         ; 4 LEs                ; 0 LEs                  ; No         ; |Tester|vect_unit:vect|alu_8:alu_8b1|ShiftRight0 ;
; 16:1               ; 4 bits    ; 40 LEs        ; 40 LEs               ; 0 LEs                  ; No         ; |Tester|vect_unit:vect|alu_8:alu_8b4|Result[7]   ;
; 16:1               ; 4 bits    ; 40 LEs        ; 40 LEs               ; 0 LEs                  ; No         ; |Tester|vect_unit:vect|alu_8:alu_8b4|Result[3]   ;
; 16:1               ; 4 bits    ; 40 LEs        ; 40 LEs               ; 0 LEs                  ; No         ; |Tester|vect_unit:vect|alu_8:alu_8b3|Result[4]   ;
; 16:1               ; 4 bits    ; 40 LEs        ; 40 LEs               ; 0 LEs                  ; No         ; |Tester|vect_unit:vect|alu_8:alu_8b3|Result[2]   ;
; 16:1               ; 4 bits    ; 40 LEs        ; 40 LEs               ; 0 LEs                  ; No         ; |Tester|vect_unit:vect|alu_8:alu_8b2|Result[7]   ;
; 16:1               ; 4 bits    ; 40 LEs        ; 40 LEs               ; 0 LEs                  ; No         ; |Tester|vect_unit:vect|alu_8:alu_8b2|Result[3]   ;
; 16:1               ; 4 bits    ; 40 LEs        ; 40 LEs               ; 0 LEs                  ; No         ; |Tester|vect_unit:vect|alu_8:alu_8b1|Result[7]   ;
; 16:1               ; 4 bits    ; 40 LEs        ; 40 LEs               ; 0 LEs                  ; No         ; |Tester|vect_unit:vect|alu_8:alu_8b1|Result[3]   ;
+--------------------+-----------+---------------+----------------------+------------------------+------------+--------------------------------------------------+


+-----------------------------------------------------+
; Post-Synthesis Netlist Statistics for Top Partition ;
+-----------------------+-----------------------------+
; Type                  ; Count                       ;
+-----------------------+-----------------------------+
; arriav_lcell_comb     ; 293                         ;
;     arith             ; 36                          ;
;         1 data inputs ; 4                           ;
;         3 data inputs ; 32                          ;
;     normal            ; 257                         ;
;         0 data inputs ; 1                           ;
;         2 data inputs ; 4                           ;
;         3 data inputs ; 68                          ;
;         4 data inputs ; 32                          ;
;         5 data inputs ; 28                          ;
;         6 data inputs ; 124                         ;
; arriav_mac            ; 4                           ;
; boundary_port         ; 103                         ;
;                       ;                             ;
; Max LUT depth         ; 5.80                        ;
; Average LUT depth     ; 4.03                        ;
+-----------------------+-----------------------------+


+-------------------------------+
; Elapsed Time Per Partition    ;
+----------------+--------------+
; Partition Name ; Elapsed Time ;
+----------------+--------------+
; Top            ; 00:00:01     ;
+----------------+--------------+


+-------------------------------+
; Analysis & Synthesis Messages ;
+-------------------------------+
Info: *******************************************************************
Info: Running Quartus Prime Analysis & Synthesis
    Info: Version 17.0.0 Build 595 04/25/2017 SJ Lite Edition
    Info: Processing started: Thu Mar 22 14:15:58 2018
Info: Command: quartus_map --read_settings_files=on --write_settings_files=off Process1 -c Process1
Warning (18236): Number of processors has not been specified which may cause overloading on shared machines.  Set the global assignment NUM_PARALLEL_PROCESSORS in your QSF to an appropriate value for best performance.
Info (20030): Parallel compilation is enabled and will use 2 of the 2 processors detected
Info (12021): Found 1 design units, including 1 entities, in source file PC.v
    Info (12023): Found entity 1: PC File: /home/jairo-mm26/Documents/Jairo/Documents/Arqui1/Proyecto1_Arqui_I/Procesador32bits/PC.v Line: 11
Info (12021): Found 1 design units, including 1 entities, in source file RegisterBank.v
    Info (12023): Found entity 1: RegisterBank File: /home/jairo-mm26/Documents/Jairo/Documents/Arqui1/Proyecto1_Arqui_I/Procesador32bits/RegisterBank.v Line: 1
Info (12021): Found 1 design units, including 1 entities, in source file Mux2x1.v
    Info (12023): Found entity 1: Mux2x1 File: /home/jairo-mm26/Documents/Jairo/Documents/Arqui1/Proyecto1_Arqui_I/Procesador32bits/Mux2x1.v Line: 1
Info (12021): Found 1 design units, including 1 entities, in source file Mux4x1.v
    Info (12023): Found entity 1: Mux4x1 File: /home/jairo-mm26/Documents/Jairo/Documents/Arqui1/Proyecto1_Arqui_I/Procesador32bits/Mux4x1.v Line: 1
Info (12021): Found 1 design units, including 1 entities, in source file Adder.v
    Info (12023): Found entity 1: Adder File: /home/jairo-mm26/Documents/Jairo/Documents/Arqui1/Proyecto1_Arqui_I/Procesador32bits/Adder.v Line: 1
Info (12021): Found 1 design units, including 1 entities, in source file ALU.v
    Info (12023): Found entity 1: ALU File: /home/jairo-mm26/Documents/Jairo/Documents/Arqui1/Proyecto1_Arqui_I/Procesador32bits/ALU.v Line: 1
Info (12021): Found 1 design units, including 1 entities, in source file PipeIFD.v
    Info (12023): Found entity 1: PipeIFD File: /home/jairo-mm26/Documents/Jairo/Documents/Arqui1/Proyecto1_Arqui_I/Procesador32bits/PipeIFD.v Line: 1
Info (12021): Found 1 design units, including 1 entities, in source file PipeDE.v
    Info (12023): Found entity 1: PipeDE File: /home/jairo-mm26/Documents/Jairo/Documents/Arqui1/Proyecto1_Arqui_I/Procesador32bits/PipeDE.v Line: 1
Info (12021): Found 1 design units, including 1 entities, in source file PipeEM.v
    Info (12023): Found entity 1: PipeEM File: /home/jairo-mm26/Documents/Jairo/Documents/Arqui1/Proyecto1_Arqui_I/Procesador32bits/PipeEM.v Line: 1
Info (12021): Found 1 design units, including 1 entities, in source file PipeWB.v
    Info (12023): Found entity 1: PipeWB File: /home/jairo-mm26/Documents/Jairo/Documents/Arqui1/Proyecto1_Arqui_I/Procesador32bits/PipeWB.v Line: 1
Info (12021): Found 1 design units, including 1 entities, in source file CPU.v
    Info (12023): Found entity 1: CPU File: /home/jairo-mm26/Documents/Jairo/Documents/Arqui1/Proyecto1_Arqui_I/Procesador32bits/CPU.v Line: 1
Info (12021): Found 1 design units, including 1 entities, in source file ModuloEspecial.v
    Info (12023): Found entity 1: ModuloEsp File: /home/jairo-mm26/Documents/Jairo/Documents/Arqui1/Proyecto1_Arqui_I/Procesador32bits/ModuloEspecial.v Line: 1
Info (12021): Found 1 design units, including 1 entities, in source file ControlUnit.v
    Info (12023): Found entity 1: ControlUnit File: /home/jairo-mm26/Documents/Jairo/Documents/Arqui1/Proyecto1_Arqui_I/Procesador32bits/ControlUnit.v Line: 1
Info (12021): Found 1 design units, including 1 entities, in source file Tester.v
    Info (12023): Found entity 1: Tester File: /home/jairo-mm26/Documents/Jairo/Documents/Arqui1/Proyecto1_Arqui_I/Procesador32bits/Tester.v Line: 1
Warning (12019): Can't analyze file -- file simulation/Process1.bdf is missing
Info (12021): Found 1 design units, including 1 entities, in source file clock_divider.v
    Info (12023): Found entity 1: clock_divider File: /home/jairo-mm26/Documents/Jairo/Documents/Arqui1/Proyecto1_Arqui_I/Procesador32bits/clock_divider.v Line: 21
Info (12021): Found 1 design units, including 1 entities, in source file output_files/seven_segments.v
    Info (12023): Found entity 1: seven_segments File: /home/jairo-mm26/Documents/Jairo/Documents/Arqui1/Proyecto1_Arqui_I/Procesador32bits/output_files/seven_segments.v Line: 1
Warning (12019): Can't analyze file -- file Diseño.bdf is missing
Info (12021): Found 1 design units, including 1 entities, in source file CPUDiagram.bdf
    Info (12023): Found entity 1: CPUDiagram
Warning (12019): Can't analyze file -- file prueba.v is missing
Info (12021): Found 1 design units, including 1 entities, in source file alu_8b.v
    Info (12023): Found entity 1: alu_8 File: /home/jairo-mm26/Documents/Jairo/Documents/Arqui1/Proyecto1_Arqui_I/Procesador32bits/alu_8b.v Line: 1
Info (12021): Found 1 design units, including 1 entities, in source file vectorial_units.v
    Info (12023): Found entity 1: vect_unit File: /home/jairo-mm26/Documents/Jairo/Documents/Arqui1/Proyecto1_Arqui_I/Procesador32bits/vectorial_units.v Line: 1
Info (12127): Elaborating entity "Tester" for the top level hierarchy
Info (12128): Elaborating entity "vect_unit" for hierarchy "vect_unit:vect" File: /home/jairo-mm26/Documents/Jairo/Documents/Arqui1/Proyecto1_Arqui_I/Procesador32bits/Tester.v Line: 10
Warning (10034): Output port "flags" at vectorial_units.v(6) has no driver File: /home/jairo-mm26/Documents/Jairo/Documents/Arqui1/Proyecto1_Arqui_I/Procesador32bits/vectorial_units.v Line: 6
Info (12128): Elaborating entity "alu_8" for hierarchy "vect_unit:vect|alu_8:alu_8b1" File: /home/jairo-mm26/Documents/Jairo/Documents/Arqui1/Proyecto1_Arqui_I/Procesador32bits/vectorial_units.v Line: 8
Warning (10240): Verilog HDL Always Construct warning at alu_8b.v(16): inferring latch(es) for variable "Result", which holds its previous value in one or more paths through the always construct File: /home/jairo-mm26/Documents/Jairo/Documents/Arqui1/Proyecto1_Arqui_I/Procesador32bits/alu_8b.v Line: 16
Info (10041): Inferred latch for "Result[0]" at alu_8b.v(16) File: /home/jairo-mm26/Documents/Jairo/Documents/Arqui1/Proyecto1_Arqui_I/Procesador32bits/alu_8b.v Line: 16
Info (10041): Inferred latch for "Result[1]" at alu_8b.v(16) File: /home/jairo-mm26/Documents/Jairo/Documents/Arqui1/Proyecto1_Arqui_I/Procesador32bits/alu_8b.v Line: 16
Info (10041): Inferred latch for "Result[2]" at alu_8b.v(16) File: /home/jairo-mm26/Documents/Jairo/Documents/Arqui1/Proyecto1_Arqui_I/Procesador32bits/alu_8b.v Line: 16
Info (10041): Inferred latch for "Result[3]" at alu_8b.v(16) File: /home/jairo-mm26/Documents/Jairo/Documents/Arqui1/Proyecto1_Arqui_I/Procesador32bits/alu_8b.v Line: 16
Info (10041): Inferred latch for "Result[4]" at alu_8b.v(16) File: /home/jairo-mm26/Documents/Jairo/Documents/Arqui1/Proyecto1_Arqui_I/Procesador32bits/alu_8b.v Line: 16
Info (10041): Inferred latch for "Result[5]" at alu_8b.v(16) File: /home/jairo-mm26/Documents/Jairo/Documents/Arqui1/Proyecto1_Arqui_I/Procesador32bits/alu_8b.v Line: 16
Info (10041): Inferred latch for "Result[6]" at alu_8b.v(16) File: /home/jairo-mm26/Documents/Jairo/Documents/Arqui1/Proyecto1_Arqui_I/Procesador32bits/alu_8b.v Line: 16
Info (10041): Inferred latch for "Result[7]" at alu_8b.v(16) File: /home/jairo-mm26/Documents/Jairo/Documents/Arqui1/Proyecto1_Arqui_I/Procesador32bits/alu_8b.v Line: 16
Warning (13012): Latch vect_unit:vect|alu_8:alu_8b4|Result[0] has unsafe behavior File: /home/jairo-mm26/Documents/Jairo/Documents/Arqui1/Proyecto1_Arqui_I/Procesador32bits/alu_8b.v Line: 16
    Warning (13013): Ports D and ENA on the latch are fed by the same signal aluCTRL[0] File: /home/jairo-mm26/Documents/Jairo/Documents/Arqui1/Proyecto1_Arqui_I/Procesador32bits/Tester.v Line: 5
Warning (13012): Latch vect_unit:vect|alu_8:alu_8b4|Result[1] has unsafe behavior File: /home/jairo-mm26/Documents/Jairo/Documents/Arqui1/Proyecto1_Arqui_I/Procesador32bits/alu_8b.v Line: 16
    Warning (13013): Ports D and ENA on the latch are fed by the same signal aluCTRL[0] File: /home/jairo-mm26/Documents/Jairo/Documents/Arqui1/Proyecto1_Arqui_I/Procesador32bits/Tester.v Line: 5
Warning (13012): Latch vect_unit:vect|alu_8:alu_8b4|Result[2] has unsafe behavior File: /home/jairo-mm26/Documents/Jairo/Documents/Arqui1/Proyecto1_Arqui_I/Procesador32bits/alu_8b.v Line: 16
    Warning (13013): Ports D and ENA on the latch are fed by the same signal aluCTRL[0] File: /home/jairo-mm26/Documents/Jairo/Documents/Arqui1/Proyecto1_Arqui_I/Procesador32bits/Tester.v Line: 5
Warning (13012): Latch vect_unit:vect|alu_8:alu_8b4|Result[3] has unsafe behavior File: /home/jairo-mm26/Documents/Jairo/Documents/Arqui1/Proyecto1_Arqui_I/Procesador32bits/alu_8b.v Line: 16
    Warning (13013): Ports D and ENA on the latch are fed by the same signal aluCTRL[0] File: /home/jairo-mm26/Documents/Jairo/Documents/Arqui1/Proyecto1_Arqui_I/Procesador32bits/Tester.v Line: 5
Warning (13012): Latch vect_unit:vect|alu_8:alu_8b4|Result[4] has unsafe behavior File: /home/jairo-mm26/Documents/Jairo/Documents/Arqui1/Proyecto1_Arqui_I/Procesador32bits/alu_8b.v Line: 16
    Warning (13013): Ports D and ENA on the latch are fed by the same signal aluCTRL[0] File: /home/jairo-mm26/Documents/Jairo/Documents/Arqui1/Proyecto1_Arqui_I/Procesador32bits/Tester.v Line: 5
Warning (13012): Latch vect_unit:vect|alu_8:alu_8b4|Result[5] has unsafe behavior File: /home/jairo-mm26/Documents/Jairo/Documents/Arqui1/Proyecto1_Arqui_I/Procesador32bits/alu_8b.v Line: 16
    Warning (13013): Ports D and ENA on the latch are fed by the same signal aluCTRL[0] File: /home/jairo-mm26/Documents/Jairo/Documents/Arqui1/Proyecto1_Arqui_I/Procesador32bits/Tester.v Line: 5
Warning (13012): Latch vect_unit:vect|alu_8:alu_8b4|Result[6] has unsafe behavior File: /home/jairo-mm26/Documents/Jairo/Documents/Arqui1/Proyecto1_Arqui_I/Procesador32bits/alu_8b.v Line: 16
    Warning (13013): Ports D and ENA on the latch are fed by the same signal aluCTRL[0] File: /home/jairo-mm26/Documents/Jairo/Documents/Arqui1/Proyecto1_Arqui_I/Procesador32bits/Tester.v Line: 5
Warning (13012): Latch vect_unit:vect|alu_8:alu_8b4|Result[7] has unsafe behavior File: /home/jairo-mm26/Documents/Jairo/Documents/Arqui1/Proyecto1_Arqui_I/Procesador32bits/alu_8b.v Line: 16
    Warning (13013): Ports D and ENA on the latch are fed by the same signal aluCTRL[0] File: /home/jairo-mm26/Documents/Jairo/Documents/Arqui1/Proyecto1_Arqui_I/Procesador32bits/Tester.v Line: 5
Warning (13012): Latch vect_unit:vect|alu_8:alu_8b3|Result[0] has unsafe behavior File: /home/jairo-mm26/Documents/Jairo/Documents/Arqui1/Proyecto1_Arqui_I/Procesador32bits/alu_8b.v Line: 16
    Warning (13013): Ports D and ENA on the latch are fed by the same signal aluCTRL[0] File: /home/jairo-mm26/Documents/Jairo/Documents/Arqui1/Proyecto1_Arqui_I/Procesador32bits/Tester.v Line: 5
Warning (13012): Latch vect_unit:vect|alu_8:alu_8b3|Result[1] has unsafe behavior File: /home/jairo-mm26/Documents/Jairo/Documents/Arqui1/Proyecto1_Arqui_I/Procesador32bits/alu_8b.v Line: 16
    Warning (13013): Ports D and ENA on the latch are fed by the same signal aluCTRL[0] File: /home/jairo-mm26/Documents/Jairo/Documents/Arqui1/Proyecto1_Arqui_I/Procesador32bits/Tester.v Line: 5
Warning (13012): Latch vect_unit:vect|alu_8:alu_8b3|Result[2] has unsafe behavior File: /home/jairo-mm26/Documents/Jairo/Documents/Arqui1/Proyecto1_Arqui_I/Procesador32bits/alu_8b.v Line: 16
    Warning (13013): Ports D and ENA on the latch are fed by the same signal aluCTRL[0] File: /home/jairo-mm26/Documents/Jairo/Documents/Arqui1/Proyecto1_Arqui_I/Procesador32bits/Tester.v Line: 5
Warning (13012): Latch vect_unit:vect|alu_8:alu_8b3|Result[3] has unsafe behavior File: /home/jairo-mm26/Documents/Jairo/Documents/Arqui1/Proyecto1_Arqui_I/Procesador32bits/alu_8b.v Line: 16
    Warning (13013): Ports D and ENA on the latch are fed by the same signal aluCTRL[0] File: /home/jairo-mm26/Documents/Jairo/Documents/Arqui1/Proyecto1_Arqui_I/Procesador32bits/Tester.v Line: 5
Warning (13012): Latch vect_unit:vect|alu_8:alu_8b3|Result[4] has unsafe behavior File: /home/jairo-mm26/Documents/Jairo/Documents/Arqui1/Proyecto1_Arqui_I/Procesador32bits/alu_8b.v Line: 16
    Warning (13013): Ports D and ENA on the latch are fed by the same signal aluCTRL[0] File: /home/jairo-mm26/Documents/Jairo/Documents/Arqui1/Proyecto1_Arqui_I/Procesador32bits/Tester.v Line: 5
Warning (13012): Latch vect_unit:vect|alu_8:alu_8b3|Result[5] has unsafe behavior File: /home/jairo-mm26/Documents/Jairo/Documents/Arqui1/Proyecto1_Arqui_I/Procesador32bits/alu_8b.v Line: 16
    Warning (13013): Ports D and ENA on the latch are fed by the same signal aluCTRL[0] File: /home/jairo-mm26/Documents/Jairo/Documents/Arqui1/Proyecto1_Arqui_I/Procesador32bits/Tester.v Line: 5
Warning (13012): Latch vect_unit:vect|alu_8:alu_8b3|Result[6] has unsafe behavior File: /home/jairo-mm26/Documents/Jairo/Documents/Arqui1/Proyecto1_Arqui_I/Procesador32bits/alu_8b.v Line: 16
    Warning (13013): Ports D and ENA on the latch are fed by the same signal aluCTRL[0] File: /home/jairo-mm26/Documents/Jairo/Documents/Arqui1/Proyecto1_Arqui_I/Procesador32bits/Tester.v Line: 5
Warning (13012): Latch vect_unit:vect|alu_8:alu_8b3|Result[7] has unsafe behavior File: /home/jairo-mm26/Documents/Jairo/Documents/Arqui1/Proyecto1_Arqui_I/Procesador32bits/alu_8b.v Line: 16
    Warning (13013): Ports D and ENA on the latch are fed by the same signal aluCTRL[0] File: /home/jairo-mm26/Documents/Jairo/Documents/Arqui1/Proyecto1_Arqui_I/Procesador32bits/Tester.v Line: 5
Warning (13012): Latch vect_unit:vect|alu_8:alu_8b2|Result[0] has unsafe behavior File: /home/jairo-mm26/Documents/Jairo/Documents/Arqui1/Proyecto1_Arqui_I/Procesador32bits/alu_8b.v Line: 16
    Warning (13013): Ports D and ENA on the latch are fed by the same signal aluCTRL[0] File: /home/jairo-mm26/Documents/Jairo/Documents/Arqui1/Proyecto1_Arqui_I/Procesador32bits/Tester.v Line: 5
Warning (13012): Latch vect_unit:vect|alu_8:alu_8b2|Result[1] has unsafe behavior File: /home/jairo-mm26/Documents/Jairo/Documents/Arqui1/Proyecto1_Arqui_I/Procesador32bits/alu_8b.v Line: 16
    Warning (13013): Ports D and ENA on the latch are fed by the same signal aluCTRL[0] File: /home/jairo-mm26/Documents/Jairo/Documents/Arqui1/Proyecto1_Arqui_I/Procesador32bits/Tester.v Line: 5
Warning (13012): Latch vect_unit:vect|alu_8:alu_8b2|Result[2] has unsafe behavior File: /home/jairo-mm26/Documents/Jairo/Documents/Arqui1/Proyecto1_Arqui_I/Procesador32bits/alu_8b.v Line: 16
    Warning (13013): Ports D and ENA on the latch are fed by the same signal aluCTRL[0] File: /home/jairo-mm26/Documents/Jairo/Documents/Arqui1/Proyecto1_Arqui_I/Procesador32bits/Tester.v Line: 5
Warning (13012): Latch vect_unit:vect|alu_8:alu_8b2|Result[3] has unsafe behavior File: /home/jairo-mm26/Documents/Jairo/Documents/Arqui1/Proyecto1_Arqui_I/Procesador32bits/alu_8b.v Line: 16
    Warning (13013): Ports D and ENA on the latch are fed by the same signal aluCTRL[0] File: /home/jairo-mm26/Documents/Jairo/Documents/Arqui1/Proyecto1_Arqui_I/Procesador32bits/Tester.v Line: 5
Warning (13012): Latch vect_unit:vect|alu_8:alu_8b2|Result[4] has unsafe behavior File: /home/jairo-mm26/Documents/Jairo/Documents/Arqui1/Proyecto1_Arqui_I/Procesador32bits/alu_8b.v Line: 16
    Warning (13013): Ports D and ENA on the latch are fed by the same signal aluCTRL[0] File: /home/jairo-mm26/Documents/Jairo/Documents/Arqui1/Proyecto1_Arqui_I/Procesador32bits/Tester.v Line: 5
Warning (13012): Latch vect_unit:vect|alu_8:alu_8b2|Result[5] has unsafe behavior File: /home/jairo-mm26/Documents/Jairo/Documents/Arqui1/Proyecto1_Arqui_I/Procesador32bits/alu_8b.v Line: 16
    Warning (13013): Ports D and ENA on the latch are fed by the same signal aluCTRL[0] File: /home/jairo-mm26/Documents/Jairo/Documents/Arqui1/Proyecto1_Arqui_I/Procesador32bits/Tester.v Line: 5
Warning (13012): Latch vect_unit:vect|alu_8:alu_8b2|Result[6] has unsafe behavior File: /home/jairo-mm26/Documents/Jairo/Documents/Arqui1/Proyecto1_Arqui_I/Procesador32bits/alu_8b.v Line: 16
    Warning (13013): Ports D and ENA on the latch are fed by the same signal aluCTRL[0] File: /home/jairo-mm26/Documents/Jairo/Documents/Arqui1/Proyecto1_Arqui_I/Procesador32bits/Tester.v Line: 5
Warning (13012): Latch vect_unit:vect|alu_8:alu_8b2|Result[7] has unsafe behavior File: /home/jairo-mm26/Documents/Jairo/Documents/Arqui1/Proyecto1_Arqui_I/Procesador32bits/alu_8b.v Line: 16
    Warning (13013): Ports D and ENA on the latch are fed by the same signal aluCTRL[0] File: /home/jairo-mm26/Documents/Jairo/Documents/Arqui1/Proyecto1_Arqui_I/Procesador32bits/Tester.v Line: 5
Warning (13012): Latch vect_unit:vect|alu_8:alu_8b1|Result[0] has unsafe behavior File: /home/jairo-mm26/Documents/Jairo/Documents/Arqui1/Proyecto1_Arqui_I/Procesador32bits/alu_8b.v Line: 16
    Warning (13013): Ports D and ENA on the latch are fed by the same signal aluCTRL[0] File: /home/jairo-mm26/Documents/Jairo/Documents/Arqui1/Proyecto1_Arqui_I/Procesador32bits/Tester.v Line: 5
Warning (13012): Latch vect_unit:vect|alu_8:alu_8b1|Result[1] has unsafe behavior File: /home/jairo-mm26/Documents/Jairo/Documents/Arqui1/Proyecto1_Arqui_I/Procesador32bits/alu_8b.v Line: 16
    Warning (13013): Ports D and ENA on the latch are fed by the same signal aluCTRL[0] File: /home/jairo-mm26/Documents/Jairo/Documents/Arqui1/Proyecto1_Arqui_I/Procesador32bits/Tester.v Line: 5
Warning (13012): Latch vect_unit:vect|alu_8:alu_8b1|Result[2] has unsafe behavior File: /home/jairo-mm26/Documents/Jairo/Documents/Arqui1/Proyecto1_Arqui_I/Procesador32bits/alu_8b.v Line: 16
    Warning (13013): Ports D and ENA on the latch are fed by the same signal aluCTRL[0] File: /home/jairo-mm26/Documents/Jairo/Documents/Arqui1/Proyecto1_Arqui_I/Procesador32bits/Tester.v Line: 5
Warning (13012): Latch vect_unit:vect|alu_8:alu_8b1|Result[3] has unsafe behavior File: /home/jairo-mm26/Documents/Jairo/Documents/Arqui1/Proyecto1_Arqui_I/Procesador32bits/alu_8b.v Line: 16
    Warning (13013): Ports D and ENA on the latch are fed by the same signal aluCTRL[0] File: /home/jairo-mm26/Documents/Jairo/Documents/Arqui1/Proyecto1_Arqui_I/Procesador32bits/Tester.v Line: 5
Warning (13012): Latch vect_unit:vect|alu_8:alu_8b1|Result[4] has unsafe behavior File: /home/jairo-mm26/Documents/Jairo/Documents/Arqui1/Proyecto1_Arqui_I/Procesador32bits/alu_8b.v Line: 16
    Warning (13013): Ports D and ENA on the latch are fed by the same signal aluCTRL[0] File: /home/jairo-mm26/Documents/Jairo/Documents/Arqui1/Proyecto1_Arqui_I/Procesador32bits/Tester.v Line: 5
Warning (13012): Latch vect_unit:vect|alu_8:alu_8b1|Result[5] has unsafe behavior File: /home/jairo-mm26/Documents/Jairo/Documents/Arqui1/Proyecto1_Arqui_I/Procesador32bits/alu_8b.v Line: 16
    Warning (13013): Ports D and ENA on the latch are fed by the same signal aluCTRL[0] File: /home/jairo-mm26/Documents/Jairo/Documents/Arqui1/Proyecto1_Arqui_I/Procesador32bits/Tester.v Line: 5
Warning (13012): Latch vect_unit:vect|alu_8:alu_8b1|Result[6] has unsafe behavior File: /home/jairo-mm26/Documents/Jairo/Documents/Arqui1/Proyecto1_Arqui_I/Procesador32bits/alu_8b.v Line: 16
    Warning (13013): Ports D and ENA on the latch are fed by the same signal aluCTRL[0] File: /home/jairo-mm26/Documents/Jairo/Documents/Arqui1/Proyecto1_Arqui_I/Procesador32bits/Tester.v Line: 5
Warning (13012): Latch vect_unit:vect|alu_8:alu_8b1|Result[7] has unsafe behavior File: /home/jairo-mm26/Documents/Jairo/Documents/Arqui1/Proyecto1_Arqui_I/Procesador32bits/alu_8b.v Line: 16
    Warning (13013): Ports D and ENA on the latch are fed by the same signal aluCTRL[0] File: /home/jairo-mm26/Documents/Jairo/Documents/Arqui1/Proyecto1_Arqui_I/Procesador32bits/Tester.v Line: 5
Warning (13024): Output pins are stuck at VCC or GND
    Warning (13410): Pin "flags[0]" is stuck at GND File: /home/jairo-mm26/Documents/Jairo/Documents/Arqui1/Proyecto1_Arqui_I/Procesador32bits/Tester.v Line: 8
    Warning (13410): Pin "flags[1]" is stuck at GND File: /home/jairo-mm26/Documents/Jairo/Documents/Arqui1/Proyecto1_Arqui_I/Procesador32bits/Tester.v Line: 8
Info (286030): Timing-Driven Synthesis is running
Info (144001): Generated suppressed messages file /home/jairo-mm26/Documents/Jairo/Documents/Arqui1/Proyecto1_Arqui_I/Procesador32bits/output_files/Process1.map.smsg
Info (16010): Generating hard_block partition "hard_block:auto_generated_inst"
    Info (16011): Adding 0 node(s), including 0 DDIO, 0 PLL, 0 transceiver and 0 LCELL
Warning (21074): Design contains 1 input pin(s) that do not drive logic
    Warning (15610): No output dependent on input pin "clk" File: /home/jairo-mm26/Documents/Jairo/Documents/Arqui1/Proyecto1_Arqui_I/Procesador32bits/Tester.v Line: 2
Info (21057): Implemented 399 device resources after synthesis - the final resource count might be different
    Info (21058): Implemented 69 input pins
    Info (21059): Implemented 34 output pins
    Info (21061): Implemented 292 logic cells
    Info (21062): Implemented 4 DSP elements
Info: Quartus Prime Analysis & Synthesis was successful. 0 errors, 75 warnings
    Info: Peak virtual memory: 1026 megabytes
    Info: Processing ended: Thu Mar 22 14:16:18 2018
    Info: Elapsed time: 00:00:20
    Info: Total CPU time (on all processors): 00:00:46


+------------------------------------------+
; Analysis & Synthesis Suppressed Messages ;
+------------------------------------------+
The suppressed messages can be found in /home/jairo-mm26/Documents/Jairo/Documents/Arqui1/Proyecto1_Arqui_I/Procesador32bits/output_files/Process1.map.smsg.


